{
  "RSpec": {
    "coverage": {
      "/Users/skuhlmann/Projects/cheers_mail/app/controllers/admin/base_admin_controller.rb": [
        1,
        1,
        1,
        1,
        1,
        null,
        1,
        47,
        null,
        null,
        1,
        17,
        1,
        null,
        null,
        null,
        1,
        9,
        9,
        9,
        null,
        null
      ],
      "/Users/skuhlmann/Projects/cheers_mail/app/helpers/admin_helper.rb": [
        1,
        null
      ],
      "/Users/skuhlmann/Projects/cheers_mail/app/helpers/application_helper.rb": [
        1,
        null
      ],
      "/Users/skuhlmann/Projects/cheers_mail/app/helpers/episodes_helper.rb": [
        1,
        null
      ],
      "/Users/skuhlmann/Projects/cheers_mail/app/helpers/home_helper.rb": [
        1,
        null
      ],
      "/Users/skuhlmann/Projects/cheers_mail/app/helpers/sessions_helper.rb": [
        1,
        null
      ],
      "/Users/skuhlmann/Projects/cheers_mail/app/helpers/subscriptions_helper.rb": [
        1,
        null
      ],
      "/Users/skuhlmann/Projects/cheers_mail/app/helpers/users_helper.rb": [
        1,
        null
      ],
      "/Users/skuhlmann/Projects/cheers_mail/app/controllers/admin/episodes_controller.rb": [
        1,
        null,
        1,
        null,
        null
      ],
      "/Users/skuhlmann/Projects/cheers_mail/app/controllers/admin/series_controller.rb": [
        1,
        null,
        1,
        1,
        null,
        null,
        1,
        1,
        null,
        null,
        1,
        1,
        1,
        1,
        1,
        null,
        0,
        null,
        null,
        null,
        1,
        1,
        null,
        null
      ],
      "/Users/skuhlmann/Projects/cheers_mail/app/controllers/admin/subscriptions_controller.rb": [
        1,
        null,
        1,
        3,
        3,
        null,
        null,
        1,
        0,
        null,
        null,
        1,
        1,
        1,
        1,
        null,
        0,
        null,
        null,
        null,
        1,
        0,
        0,
        0,
        null,
        null,
        1,
        1,
        0,
        null,
        null,
        1,
        1,
        null,
        null
      ],
      "/Users/skuhlmann/Projects/cheers_mail/app/controllers/admin/users_controller.rb": [
        1,
        1,
        null,
        1,
        0,
        null,
        null,
        1,
        null,
        null,
        1,
        null,
        null,
        1,
        0,
        0,
        0,
        null,
        0,
        null,
        null,
        null,
        1,
        0,
        0,
        null,
        0,
        null,
        null,
        null,
        1,
        0,
        0,
        null,
        null,
        1,
        1,
        0,
        null,
        null,
        1,
        0,
        null,
        null
      ],
      "/Users/skuhlmann/Projects/cheers_mail/app/controllers/application_controller.rb": [
        1,
        1,
        1,
        null,
        1,
        14,
        null,
        null,
        1,
        0,
        0,
        null,
        null,
        null
      ],
      "/Users/skuhlmann/Projects/cheers_mail/app/controllers/home_controller.rb": [
        1,
        null,
        1,
        6,
        null,
        null
      ],
      "/Users/skuhlmann/Projects/cheers_mail/app/controllers/sessions_controller.rb": [
        1,
        1,
        null,
        null,
        1,
        5,
        5,
        5,
        5,
        null,
        0,
        0,
        null,
        null,
        null,
        1,
        0,
        0,
        null,
        null
      ],
      "/Users/skuhlmann/Projects/cheers_mail/app/controllers/subscriptions_controller.rb": [
        1,
        null,
        1,
        1,
        1,
        1,
        null,
        0,
        null,
        null,
        null,
        1,
        2,
        2,
        1,
        1,
        null,
        1,
        null,
        null,
        null,
        1,
        3,
        null,
        null,
        1,
        1,
        3,
        null,
        null
      ],
      "/Users/skuhlmann/Projects/cheers_mail/app/models/episode.rb": [
        1,
        1,
        null,
        1,
        1,
        1,
        11,
        11,
        11,
        272,
        null,
        null,
        null,
        null,
        1,
        272,
        272,
        272,
        272,
        null,
        null,
        null
      ],
      "/Users/skuhlmann/Projects/cheers_mail/app/models/loader.rb": [
        1,
        null,
        1,
        0,
        null,
        null,
        1,
        0,
        null,
        null,
        null
      ],
      "/Users/skuhlmann/Projects/cheers_mail/app/models/series.rb": [
        1,
        1,
        null,
        1,
        null,
        1,
        1,
        null,
        1,
        6,
        null,
        null,
        1,
        1,
        null,
        null
      ],
      "/Users/skuhlmann/Projects/cheers_mail/app/models/subscription.rb": [
        1,
        1,
        1,
        1,
        null,
        1,
        10,
        null,
        null
      ],
      "/Users/skuhlmann/Projects/cheers_mail/app/models/user.rb": [
        1,
        1,
        1,
        1,
        null
      ],
      "/Users/skuhlmann/Projects/cheers_mail/app/services/wiki_service.rb": [
        1,
        1,
        1,
        null,
        1,
        1,
        1,
        null,
        null,
        null,
        null,
        null,
        null,
        1,
        11,
        294,
        null,
        null,
        1,
        null,
        1,
        11,
        null,
        null,
        1,
        11,
        null,
        null,
        1,
        11,
        null,
        null,
        null,
        null
      ],
      "/Users/skuhlmann/Projects/cheers_mail/db/schema.rb": [
        null,
        null,
        null,
        null,
        null,
        null,
        null,
        null,
        null,
        null,
        null,
        null,
        null,
        1,
        null,
        null,
        1,
        null,
        1,
        1,
        1,
        1,
        1,
        1,
        null,
        null,
        1,
        null,
        1,
        1,
        1,
        null,
        null,
        1,
        1,
        1,
        1,
        1,
        null,
        null,
        1,
        1,
        1,
        1,
        1,
        1,
        null,
        null,
        1,
        1,
        1,
        null,
        null,
        null
      ]
    },
    "timestamp": 1429579901
  }
}
